  SteelEnginePCH.cpp
  BaseComponent.cpp
  Font.cpp
  FPSComponent.cpp
  FPSScript.cpp
  GameObject.cpp
  InputManager.cpp
  InputTestComponent.cpp
  SpriteComponent.cpp
  SteelEngineGame.cpp
  Renderer.cpp
  ResourceManager.cpp
  Scene.cpp
  SceneManager.cpp
  TextObject.cpp
  TextRenderComponent.cpp
  Texture2D.cpp
  Transform.cpp
  Generating Code...
  SteelEngine.vcxproj -> D:\_Prog4\SteelEngine\x64\Debug\SteelEngine.lib
  D:\_Prog4\SteelEngine\3rdParty\SDL2\lib\x64\SDL2.dll
  1 Datei(en) kopiert
  D:\_Prog4\SteelEngine\3rdParty\SDL2_image\lib\x64\libjpeg-9.dll
  D:\_Prog4\SteelEngine\3rdParty\SDL2_image\lib\x64\libpng16-16.dll
  D:\_Prog4\SteelEngine\3rdParty\SDL2_image\lib\x64\libtiff-5.dll
  D:\_Prog4\SteelEngine\3rdParty\SDL2_image\lib\x64\libwebp-7.dll
  D:\_Prog4\SteelEngine\3rdParty\SDL2_image\lib\x64\SDL2_image.dll
  D:\_Prog4\SteelEngine\3rdParty\SDL2_image\lib\x64\zlib1.dll
  6 Datei(en) kopiert
  D:\_Prog4\SteelEngine\3rdParty\SDL2_ttf\lib\x64\libfreetype-6.dll
  D:\_Prog4\SteelEngine\3rdParty\SDL2_ttf\lib\x64\SDL2_ttf.dll
  2 Datei(en) kopiert
