d:\_prog4\steelengine\steelengine\x64\debug\steelengine.pch
d:\_prog4\steelengine\steelengine\x64\debug\steelengine.pdb
d:\_prog4\steelengine\steelengine\x64\debug\steelengine.idb
d:\_prog4\steelengine\steelengine\x64\debug\steelenginepch.obj
d:\_prog4\steelengine\steelengine\x64\debug\transform.obj
d:\_prog4\steelengine\steelengine\x64\debug\texture2d.obj
d:\_prog4\steelengine\steelengine\x64\debug\textrendercomponent.obj
d:\_prog4\steelengine\steelengine\x64\debug\textobject.obj
d:\_prog4\steelengine\steelengine\x64\debug\scenemanager.obj
d:\_prog4\steelengine\steelengine\x64\debug\scene.obj
d:\_prog4\steelengine\steelengine\x64\debug\resourcemanager.obj
d:\_prog4\steelengine\steelengine\x64\debug\renderer.obj
d:\_prog4\steelengine\steelengine\x64\debug\steelenginegame.obj
d:\_prog4\steelengine\steelengine\x64\debug\spritecomponent.obj
d:\_prog4\steelengine\steelengine\x64\debug\inputtestcomponent.obj
d:\_prog4\steelengine\steelengine\x64\debug\inputmanager.obj
d:\_prog4\steelengine\steelengine\x64\debug\gameobject.obj
d:\_prog4\steelengine\steelengine\x64\debug\fpsscript.obj
d:\_prog4\steelengine\steelengine\x64\debug\fpscomponent.obj
d:\_prog4\steelengine\steelengine\x64\debug\font.obj
d:\_prog4\steelengine\steelengine\x64\debug\basecomponent.obj
d:\_prog4\steelengine\x64\debug\steelengine.lib
d:\_prog4\steelengine\steelengine\x64\debug\steelengine.tlog\cl.command.1.tlog
d:\_prog4\steelengine\steelengine\x64\debug\steelengine.tlog\cl.read.1.tlog
d:\_prog4\steelengine\steelengine\x64\debug\steelengine.tlog\cl.write.1.tlog
d:\_prog4\steelengine\steelengine\x64\debug\steelengine.tlog\lib-link.read.1.tlog
d:\_prog4\steelengine\steelengine\x64\debug\steelengine.tlog\lib-link.write.1.tlog
d:\_prog4\steelengine\steelengine\x64\debug\steelengine.tlog\lib.command.1.tlog
